#
# There is insufficient memory for the Java Runtime Environment to continue.
# Native memory allocation (malloc) failed to allocate 1487 bytes for AllocateHeap
# Possible reasons:
#   The system is out of physical RAM or swap space
#   The process is running with CompressedOops enabled, and the Java Heap may be blocking the growth of the native heap
# Possible solutions:
#   Reduce memory load on the system
#   Increase physical memory or swap space
#   Check if swap backing store is full
#   Decrease Java heap size (-Xmx/-Xms)
#   Decrease number of Java threads
#   Decrease Java thread stack sizes (-Xss)
#   Set larger code cache with -XX:ReservedCodeCacheSize=
#   JVM is running with Zero Based Compressed Oops mode in which the Java heap is
#     placed in the first 32GB address space. The Java Heap base address is the
#     maximum limit for the native heap growth. Please use -XX:HeapBaseMinAddress
#     to set the Java Heap base and to place the Java Heap above 32GB virtual address.
# This output file may be truncated or incomplete.
#
#  Out of Memory Error (./src/hotspot/share/memory/allocation.cpp:46), pid=22484, tid=6264
#
# JRE version: OpenJDK Runtime Environment (Alibaba Dragonwell) (11.0.11) (build 11.0.11+0)
# Java VM: OpenJDK 64-Bit Server VM (Alibaba Dragonwell) (11.0.11+0, mixed mode, tiered, compressed oops, g1 gc, windows-amd64)
# No core dump will be written. Minidumps are not enabled by default on client versions of Windows
#

---------------  S U M M A R Y ------------

Command Line: -XX:TieredStopAtLevel=1 -Xverify:none -Dspring.output.ansi.enabled=always -Dcom.sun.management.jmxremote -Dspring.jmx.enabled=true -Dspring.liveBeansView.mbeanDomain -Dspring.application.admin.enabled=true -Dmanagement.endpoints.jmx.exposure.include=* -javaagent:C:\Program Files\JetBrains\IntelliJ IDEA 2022.3.3\lib\idea_rt.jar=59568:C:\Program Files\JetBrains\IntelliJ IDEA 2022.3.3\bin -Dfile.encoding=UTF-8 com.example.newv.NewVApplication

Host: Intel(R) Core(TM) i7-9750H CPU @ 2.60GHz, 12 cores, 15G,  Windows 10 , 64 bit Build 22000 (10.0.22000.1516)
Time: Sat Mar 25 23:07:39 2023 中国标准时间 elapsed time: 1.626803 seconds (0d 0h 0m 1s)

---------------  T H R E A D  ---------------

Current thread (0x000001d35a250000):  JavaThread "RMI TCP Connection(1)-192.168.1.107" daemon [_thread_in_native, id=6264, stack(0x0000000101d00000,0x0000000101e00000)]

Stack: [0x0000000101d00000,0x0000000101e00000]
Native frames: (J=compiled Java code, j=interpreted, Vv=VM code, C=native code)
V  [jvm.dll+0x5f09ca]
V  [jvm.dll+0x72a18e]
V  [jvm.dll+0x72b85f]
V  [jvm.dll+0x72bf23]
V  [jvm.dll+0x242848]
V  [jvm.dll+0xb17c4]
V  [jvm.dll+0x70ea1f]
V  [jvm.dll+0x7091ea]
C  0x000001d333f4f377

Java frames: (J=compiled Java code, j=interpreted, Vv=VM code)
j  jdk.internal.misc.Unsafe.defineClass0(Ljava/lang/String;[BIILjava/lang/ClassLoader;Ljava/security/ProtectionDomain;)Ljava/lang/Class;+0 java.base@11.0.11
j  jdk.internal.misc.Unsafe.defineClass(Ljava/lang/String;[BIILjava/lang/ClassLoader;Ljava/security/ProtectionDomain;)Ljava/lang/Class;+35 java.base@11.0.11
j  jdk.internal.reflect.ClassDefiner.defineClass(Ljava/lang/String;[BIILjava/lang/ClassLoader;)Ljava/lang/Class;+27 java.base@11.0.11
j  jdk.internal.reflect.MethodAccessorGenerator$1.run()Ljdk/internal/reflect/MagicAccessorImpl;+21 java.base@11.0.11
j  jdk.internal.reflect.MethodAccessorGenerator$1.run()Ljava/lang/Object;+1 java.base@11.0.11
v  ~StubRoutines::call_stub
J 865  java.security.AccessController.doPrivileged(Ljava/security/PrivilegedAction;)Ljava/lang/Object; java.base@11.0.11 (0 bytes) @ 0x000001d3347841a2 [0x000001d334784140+0x0000000000000062]
j  jdk.internal.reflect.MethodAccessorGenerator.generate(Ljava/lang/Class;Ljava/lang/String;[Ljava/lang/Class;Ljava/lang/Class;[Ljava/lang/Class;IZZLjava/lang/Class;)Ljdk/internal/reflect/MagicAccessorImpl;+755 java.base@11.0.11
j  jdk.internal.reflect.MethodAccessorGenerator.generateSerializationConstructor(Ljava/lang/Class;[Ljava/lang/Class;[Ljava/lang/Class;ILjava/lang/Class;)Ljdk/internal/reflect/SerializationConstructorAccessorImpl;+15 java.base@11.0.11
j  jdk.internal.reflect.ReflectionFactory.generateConstructor(Ljava/lang/Class;Ljava/lang/reflect/Constructor;)Ljava/lang/reflect/Constructor;+24 java.base@11.0.11
j  jdk.internal.reflect.ReflectionFactory.newConstructorForSerialization(Ljava/lang/Class;)Ljava/lang/reflect/Constructor;+90 java.base@11.0.11
j  java.io.ObjectStreamClass.getSerializableConstructor(Ljava/lang/Class;)Ljava/lang/reflect/Constructor;+4 java.base@11.0.11
j  java.io.ObjectStreamClass$2.run()Ljava/lang/Void;+169 java.base@11.0.11
j  java.io.ObjectStreamClass$2.run()Ljava/lang/Object;+1 java.base@11.0.11
v  ~StubRoutines::call_stub
J 865  java.security.AccessController.doPrivileged(Ljava/security/PrivilegedAction;)Ljava/lang/Object; java.base@11.0.11 (0 bytes) @ 0x000001d3347841a2 [0x000001d334784140+0x0000000000000062]
j  java.io.ObjectStreamClass.<init>(Ljava/lang/Class;)V+103 java.base@11.0.11
j  java.io.ObjectStreamClass.lookup(Ljava/lang/Class;Z)Ljava/io/ObjectStreamClass;+211 java.base@11.0.11
j  java.io.ObjectStreamClass.<init>(Ljava/lang/Class;)V+72 java.base@11.0.11
j  java.io.ObjectStreamClass.lookup(Ljava/lang/Class;Z)Ljava/io/ObjectStreamClass;+211 java.base@11.0.11
j  java.io.ObjectStreamClass.<init>(Ljava/lang/Class;)V+72 java.base@11.0.11
j  java.io.ObjectStreamClass.lookup(Ljava/lang/Class;Z)Ljava/io/ObjectStreamClass;+211 java.base@11.0.11
j  java.io.ObjectStreamClass.<init>(Ljava/lang/Class;)V+72 java.base@11.0.11
j  java.io.ObjectStreamClass.lookup(Ljava/lang/Class;Z)Ljava/io/ObjectStreamClass;+211 java.base@11.0.11
j  java.io.ObjectStreamClass.<init>(Ljava/lang/Class;)V+72 java.base@11.0.11
j  java.io.ObjectStreamClass.lookup(Ljava/lang/Class;Z)Ljava/io/ObjectStreamClass;+211 java.base@11.0.11
j  java.io.ObjectOutputStream.writeObject0(Ljava/lang/Object;Z)V+185 java.base@11.0.11
j  java.io.ObjectOutputStream.writeObject(Ljava/lang/Object;)V+16 java.base@11.0.11
j  sun.rmi.server.UnicastServerRef.dispatch(Ljava/rmi/Remote;Ljava/rmi/server/RemoteCall;)V+432 java.rmi@11.0.11
j  sun.rmi.transport.Transport$1.run()Ljava/lang/Void;+23 java.rmi@11.0.11
j  sun.rmi.transport.Transport$1.run()Ljava/lang/Object;+1 java.rmi@11.0.11
v  ~StubRoutines::call_stub
j  java.security.AccessController.doPrivileged(Ljava/security/PrivilegedExceptionAction;Ljava/security/AccessControlContext;)Ljava/lang/Object;+0 java.base@11.0.11
j  sun.rmi.transport.Transport.serviceCall(Ljava/rmi/server/RemoteCall;)Z+157 java.rmi@11.0.11
j  sun.rmi.transport.tcp.TCPTransport.handleMessages(Lsun/rmi/transport/Connection;Z)V+145 java.rmi@11.0.11
j  sun.rmi.transport.tcp.TCPTransport$ConnectionHandler.run0()V+490 java.rmi@11.0.11
j  sun.rmi.transport.tcp.TCPTransport$ConnectionHandler.lambda$run$0()Ljava/lang/Void;+1 java.rmi@11.0.11
j  sun.rmi.transport.tcp.TCPTransport$ConnectionHandler$$Lambda$377.run()Ljava/lang/Object;+4 java.rmi@11.0.11
v  ~StubRoutines::call_stub
j  java.security.AccessController.doPrivileged(Ljava/security/PrivilegedAction;Ljava/security/AccessControlContext;)Ljava/lang/Object;+0 java.base@11.0.11
j  sun.rmi.transport.tcp.TCPTransport$ConnectionHandler.run()V+37 java.rmi@11.0.11
j  java.util.concurrent.ThreadPoolExecutor.runWorker(Ljava/util/concurrent/ThreadPoolExecutor$Worker;)V+92 java.base@11.0.11
j  java.util.concurrent.ThreadPoolExecutor$Worker.run()V+5 java.base@11.0.11
j  java.lang.Thread.run()V+11 java.base@11.0.11
v  ~StubRoutines::call_stub

---------------  P R O C E S S  ---------------

Threads class SMR info:
_java_thread_list=0x000001d359d693f0, length=14, elements={
0x000001d32b83b800, 0x000001d350192000, 0x000001d350196000, 0x000001d3501fc000,
0x000001d3501fd000, 0x000001d3501fe000, 0x000001d350201000, 0x000001d35020f800,
0x000001d35034a000, 0x000001d3504ec800, 0x000001d35083c800, 0x000001d35a250000,
0x000001d359fa4800, 0x000001d35a2a7800
}

Java Threads: ( => current thread )
  0x000001d32b83b800 JavaThread "main" [_thread_in_Java, id=24004, stack(0x0000000100600000,0x0000000100700000)]
  0x000001d350192000 JavaThread "Reference Handler" daemon [_thread_blocked, id=9652, stack(0x0000000100d00000,0x0000000100e00000)]
  0x000001d350196000 JavaThread "Finalizer" daemon [_thread_blocked, id=9704, stack(0x0000000100e00000,0x0000000100f00000)]
  0x000001d3501fc000 JavaThread "Signal Dispatcher" daemon [_thread_blocked, id=16848, stack(0x0000000100f00000,0x0000000101000000)]
  0x000001d3501fd000 JavaThread "Attach Listener" daemon [_thread_blocked, id=20276, stack(0x0000000101000000,0x0000000101100000)]
  0x000001d3501fe000 JavaThread "Service Thread" daemon [_thread_blocked, id=1748, stack(0x0000000101100000,0x0000000101200000)]
  0x000001d350201000 JavaThread "C1 CompilerThread0" daemon [_thread_blocked, id=20364, stack(0x0000000101200000,0x0000000101300000)]
  0x000001d35020f800 JavaThread "Sweeper thread" daemon [_thread_blocked, id=9256, stack(0x0000000101300000,0x0000000101400000)]
  0x000001d35034a000 JavaThread "Common-Cleaner" daemon [_thread_blocked, id=7864, stack(0x0000000101400000,0x0000000101500000)]
  0x000001d3504ec800 JavaThread "Monitor Ctrl-Break" daemon [_thread_in_native, id=17972, stack(0x0000000101500000,0x0000000101600000)]
  0x000001d35083c800 JavaThread "RMI TCP Accept-0" daemon [_thread_in_native, id=21204, stack(0x0000000101600000,0x0000000101700000)]
=>0x000001d35a250000 JavaThread "RMI TCP Connection(1)-192.168.1.107" daemon [_thread_in_native, id=6264, stack(0x0000000101d00000,0x0000000101e00000)]
  0x000001d359fa4800 JavaThread "RMI Scheduler(0)" daemon [_thread_blocked, id=14504, stack(0x0000000102000000,0x0000000102100000)]
  0x000001d35a2a7800 JavaThread "JMX server connection timeout 21" daemon [_thread_blocked, id=18908, stack(0x0000000102100000,0x0000000102200000)]

Other Threads:
  0x000001d34f8df000 VMThread "VM Thread" [stack: 0x0000000100c00000,0x0000000100d00000] [id=24484]
  0x000001d35083d800 WatcherThread [stack: 0x0000000101700000,0x0000000101800000] [id=1516]
  0x000001d32b854800 GCTaskThread "GC Thread#0" [stack: 0x0000000100700000,0x0000000100800000] [id=656]
  0x000001d350ccf800 GCTaskThread "GC Thread#1" [stack: 0x0000000101800000,0x0000000101900000] [id=15468]
  0x000001d350cd0000 GCTaskThread "GC Thread#2" [stack: 0x0000000101900000,0x0000000101a00000] [id=16080]
  0x000001d350cd5000 GCTaskThread "GC Thread#3" [stack: 0x0000000101a00000,0x0000000101b00000] [id=22936]
  0x000001d350cd5800 GCTaskThread "GC Thread#4" [stack: 0x0000000101b00000,0x0000000101c00000] [id=10984]
  0x000001d350cd9800 GCTaskThread "GC Thread#5" [stack: 0x0000000101c00000,0x0000000101d00000] [id=21644]
  0x000001d32b8b5000 ConcurrentGCThread "G1 Main Marker" [stack: 0x0000000100800000,0x0000000100900000] [id=14764]
  0x000001d32b8b7000 ConcurrentGCThread "G1 Conc#0" [stack: 0x0000000100900000,0x0000000100a00000] [id=18864]
  0x000001d359e18000 ConcurrentGCThread "G1 Conc#1" [stack: 0x0000000101e00000,0x0000000101f00000] [id=9812]
  0x000001d359e19000 ConcurrentGCThread "G1 Conc#2" [stack: 0x0000000101f00000,0x0000000102000000] [id=14992]
  0x000001d34f7c7800 ConcurrentGCThread "G1 Refine#0" [stack: 0x0000000100a00000,0x0000000100b00000] [id=5376]
  0x000001d34f7ca800 ConcurrentGCThread "G1 Young RemSet Sampling" [stack: 0x0000000100b00000,0x0000000100c00000] [id=8760]

Threads with active compile tasks:

VM state:not at safepoint (normal execution)

VM Mutex/Monitor currently owned by a thread: None

OutOfMemory and StackOverflow Exception counts:
OutOfMemoryError java_heap_errors=6
LinkageErrors=62

Heap address: 0x0000000702600000, size: 4058 MB, Compressed Oops mode: Zero based, Oop shift amount: 3
Narrow klass base: 0x0000000800000000, Narrow klass shift: 0
Compressed class space size: 1073741824 Address: 0x0000000800000000

Heap:
 garbage-first heap   total 260096K, used 20869K [0x0000000702600000, 0x0000000800000000)
  region size 1024K, 16 young (16384K), 4 survivors (4096K)
 Metaspace       used 26234K, capacity 27165K, committed 27312K, reserved 1083392K
  class space    used 3162K, capacity 3540K, committed 3584K, reserved 1048576K
Heap Regions: E=young(eden), S=young(survivor), O=old, HS=humongous(starts), HC=humongous(continues), CS=collection set, F=free, A=archive, TAMS=top-at-mark-start (previous, next)
|   0|0x0000000702600000, 0x0000000702700000, 0x0000000702700000|100%| O|  |TAMS 0x0000000702700000, 0x0000000702600000| Untracked 
|   1|0x0000000702700000, 0x0000000702800000, 0x0000000702800000|100%| O|  |TAMS 0x0000000702800000, 0x0000000702700000| Untracked 
|   2|0x0000000702800000, 0x0000000702900000, 0x0000000702900000|100%| O|  |TAMS 0x000000070287be00, 0x0000000702800000| Untracked 
|   3|0x0000000702900000, 0x0000000702a00000, 0x0000000702a00000|100%| O|  |TAMS 0x0000000702900000, 0x0000000702900000| Untracked 
|   4|0x0000000702a00000, 0x0000000702b00000, 0x0000000702b00000|100%| O|  |TAMS 0x0000000702a00000, 0x0000000702a00000| Untracked 
|   5|0x0000000702b00000, 0x0000000702b78000, 0x0000000702c00000| 46%| O|  |TAMS 0x0000000702b00000, 0x0000000702b00000| Untracked 
|   6|0x0000000702c00000, 0x0000000702c00000, 0x0000000702d00000|  0%| F|  |TAMS 0x0000000702c00000, 0x0000000702c00000| Untracked 
|   7|0x0000000702d00000, 0x0000000702d00000, 0x0000000702e00000|  0%| F|  |TAMS 0x0000000702d00000, 0x0000000702d00000| Untracked 
|   8|0x0000000702e00000, 0x0000000702e00000, 0x0000000702f00000|  0%| F|  |TAMS 0x0000000702e00000, 0x0000000702e00000| Untracked 
|   9|0x0000000702f00000, 0x0000000702f00000, 0x0000000703000000|  0%| F|  |TAMS 0x0000000702f00000, 0x0000000702f00000| Untracked 
|  10|0x0000000703000000, 0x0000000703000000, 0x0000000703100000|  0%| F|  |TAMS 0x0000000703000000, 0x0000000703000000| Untracked 
|  11|0x0000000703100000, 0x0000000703100000, 0x0000000703200000|  0%| F|  |TAMS 0x0000000703100000, 0x0000000703100000| Untracked 
|  12|0x0000000703200000, 0x0000000703200000, 0x0000000703300000|  0%| F|  |TAMS 0x0000000703200000, 0x0000000703200000| Untracked 
|  13|0x0000000703300000, 0x0000000703300000, 0x0000000703400000|  0%| F|  |TAMS 0x0000000703300000, 0x0000000703300000| Untracked 
|  14|0x0000000703400000, 0x0000000703400000, 0x0000000703500000|  0%| F|  |TAMS 0x0000000703400000, 0x0000000703400000| Untracked 
|  15|0x0000000703500000, 0x0000000703500000, 0x0000000703600000|  0%| F|  |TAMS 0x0000000703500000, 0x0000000703500000| Untracked 
|  16|0x0000000703600000, 0x0000000703600000, 0x0000000703700000|  0%| F|  |TAMS 0x0000000703600000, 0x0000000703600000| Untracked 
|  17|0x0000000703700000, 0x0000000703700000, 0x0000000703800000|  0%| F|  |TAMS 0x0000000703700000, 0x0000000703700000| Untracked 
|  18|0x0000000703800000, 0x0000000703800000, 0x0000000703900000|  0%| F|  |TAMS 0x0000000703800000, 0x0000000703800000| Untracked 
|  19|0x0000000703900000, 0x0000000703900000, 0x0000000703a00000|  0%| F|  |TAMS 0x0000000703900000, 0x0000000703900000| Untracked 
|  20|0x0000000703a00000, 0x0000000703a00000, 0x0000000703b00000|  0%| F|  |TAMS 0x0000000703a00000, 0x0000000703a00000| Untracked 
|  21|0x0000000703b00000, 0x0000000703b00000, 0x0000000703c00000|  0%| F|  |TAMS 0x0000000703b00000, 0x0000000703b00000| Untracked 
|  22|0x0000000703c00000, 0x0000000703c00000, 0x0000000703d00000|  0%| F|  |TAMS 0x0000000703c00000, 0x0000000703c00000| Untracked 
|  23|0x0000000703d00000, 0x0000000703d00000, 0x0000000703e00000|  0%| F|  |TAMS 0x0000000703d00000, 0x0000000703d00000| Untracked 
|  24|0x0000000703e00000, 0x0000000703e00000, 0x0000000703f00000|  0%| F|  |TAMS 0x0000000703e00000, 0x0000000703e00000| Untracked 
|  25|0x0000000703f00000, 0x0000000703f00000, 0x0000000704000000|  0%| F|  |TAMS 0x0000000703f00000, 0x0000000703f00000| Untracked 
|  26|0x0000000704000000, 0x0000000704000000, 0x0000000704100000|  0%| F|  |TAMS 0x0000000704000000, 0x0000000704000000| Untracked 
|  27|0x0000000704100000, 0x0000000704100000, 0x0000000704200000|  0%| F|  |TAMS 0x0000000704100000, 0x0000000704100000| Untracked 
|  28|0x0000000704200000, 0x0000000704200000, 0x0000000704300000|  0%| F|  |TAMS 0x0000000704200000, 0x0000000704200000| Untracked 
|  29|0x0000000704300000, 0x0000000704300000, 0x0000000704400000|  0%| F|  |TAMS 0x0000000704300000, 0x0000000704300000| Untracked 
|  30|0x0000000704400000, 0x0000000704400000, 0x0000000704500000|  0%| F|  |TAMS 0x0000000704400000, 0x0000000704400000| Untracked 
|  31|0x0000000704500000, 0x0000000704500000, 0x0000000704600000|  0%| F|  |TAMS 0x0000000704500000, 0x0000000704500000| Untracked 
|  32|0x0000000704600000, 0x0000000704600000, 0x0000000704700000|  0%| F|  |TAMS 0x0000000704600000, 0x0000000704600000| Untracked 
|  33|0x0000000704700000, 0x0000000704700000, 0x0000000704800000|  0%| F|  |TAMS 0x0000000704700000, 0x0000000704700000| Untracked 
|  34|0x0000000704800000, 0x0000000704800000, 0x0000000704900000|  0%| F|  |TAMS 0x0000000704800000, 0x0000000704800000| Untracked 
|  35|0x0000000704900000, 0x0000000704900000, 0x0000000704a00000|  0%| F|  |TAMS 0x0000000704900000, 0x0000000704900000| Untracked 
|  36|0x0000000704a00000, 0x0000000704a00000, 0x0000000704b00000|  0%| F|  |TAMS 0x0000000704a00000, 0x0000000704a00000| Untracked 
|  37|0x0000000704b00000, 0x0000000704b00000, 0x0000000704c00000|  0%| F|  |TAMS 0x0000000704b00000, 0x0000000704b00000| Untracked 
|  38|0x0000000704c00000, 0x0000000704c00000, 0x0000000704d00000|  0%| F|  |TAMS 0x0000000704c00000, 0x0000000704c00000| Untracked 
|  39|0x0000000704d00000, 0x0000000704d00000, 0x0000000704e00000|  0%| F|  |TAMS 0x0000000704d00000, 0x0000000704d00000| Untracked 
|  40|0x0000000704e00000, 0x0000000704e00000, 0x0000000704f00000|  0%| F|  |TAMS 0x0000000704e00000, 0x0000000704e00000| Untracked 
|  41|0x0000000704f00000, 0x0000000704f00000, 0x0000000705000000|  0%| F|  |TAMS 0x0000000704f00000, 0x0000000704f00000| Untracked 
|  42|0x0000000705000000, 0x0000000705000000, 0x0000000705100000|  0%| F|  |TAMS 0x0000000705000000, 0x0000000705000000| Untracked 
|  43|0x0000000705100000, 0x0000000705100000, 0x0000000705200000|  0%| F|  |TAMS 0x0000000705100000, 0x0000000705100000| Untracked 
|  44|0x0000000705200000, 0x0000000705200000, 0x0000000705300000|  0%| F|  |TAMS 0x0000000705200000, 0x0000000705200000| Untracked 
|  45|0x0000000705300000, 0x0000000705300000, 0x0000000705400000|  0%| F|  |TAMS 0x0000000705300000, 0x0000000705300000| Untracked 
|  46|0x0000000705400000, 0x0000000705400000, 0x0000000705500000|  0%| F|  |TAMS 0x0000000705400000, 0x0000000705400000| Untracked 
|  47|0x0000000705500000, 0x0000000705500000, 0x0000000705600000|  0%| F|  |TAMS 0x0000000705500000, 0x0000000705500000| Untracked 
|  48|0x0000000705600000, 0x0000000705600000, 0x0000000705700000|  0%| F|  |TAMS 0x0000000705600000, 0x0000000705600000| Untracked 
|  49|0x0000000705700000, 0x0000000705700000, 0x0000000705800000|  0%| F|  |TAMS 0x0000000705700000, 0x0000000705700000| Untracked 
|  50|0x0000000705800000, 0x0000000705800000, 0x0000000705900000|  0%| F|  |TAMS 0x0000000705800000, 0x0000000705800000| Untracked 
|  51|0x0000000705900000, 0x0000000705900000, 0x0000000705a00000|  0%| F|  |TAMS 0x0000000705900000, 0x0000000705900000| Untracked 
|  52|0x0000000705a00000, 0x0000000705a00000, 0x0000000705b00000|  0%| F|  |TAMS 0x0000000705a00000, 0x0000000705a00000| Untracked 
|  53|0x0000000705b00000, 0x0000000705b00000, 0x0000000705c00000|  0%| F|  |TAMS 0x0000000705b00000, 0x0000000705b00000| Untracked 
|  54|0x0000000705c00000, 0x0000000705c00000, 0x0000000705d00000|  0%| F|  |TAMS 0x0000000705c00000, 0x0000000705c00000| Untracked 
|  55|0x0000000705d00000, 0x0000000705d00000, 0x0000000705e00000|  0%| F|  |TAMS 0x0000000705d00000, 0x0000000705d00000| Untracked 
|  56|0x0000000705e00000, 0x0000000705e00000, 0x0000000705f00000|  0%| F|  |TAMS 0x0000000705e00000, 0x0000000705e00000| Untracked 
|  57|0x0000000705f00000, 0x0000000705f00000, 0x0000000706000000|  0%| F|  |TAMS 0x0000000705f00000, 0x0000000705f00000| Untracked 
|  58|0x0000000706000000, 0x0000000706000000, 0x0000000706100000|  0%| F|  |TAMS 0x0000000706000000, 0x0000000706000000| Untracked 
|  59|0x0000000706100000, 0x0000000706100000, 0x0000000706200000|  0%| F|  |TAMS 0x0000000706100000, 0x0000000706100000| Untracked 
|  60|0x0000000706200000, 0x0000000706200000, 0x0000000706300000|  0%| F|  |TAMS 0x0000000706200000, 0x0000000706200000| Untracked 
|  61|0x0000000706300000, 0x0000000706300000, 0x0000000706400000|  0%| F|  |TAMS 0x0000000706300000, 0x0000000706300000| Untracked 
|  62|0x0000000706400000, 0x0000000706400000, 0x0000000706500000|  0%| F|  |TAMS 0x0000000706400000, 0x0000000706400000| Untracked 
|  63|0x0000000706500000, 0x0000000706500000, 0x0000000706600000|  0%| F|  |TAMS 0x0000000706500000, 0x0000000706500000| Untracked 
|  64|0x0000000706600000, 0x0000000706600000, 0x0000000706700000|  0%| F|  |TAMS 0x0000000706600000, 0x0000000706600000| Untracked 
|  65|0x0000000706700000, 0x0000000706700000, 0x0000000706800000|  0%| F|  |TAMS 0x0000000706700000, 0x0000000706700000| Untracked 
|  66|0x0000000706800000, 0x0000000706800000, 0x0000000706900000|  0%| F|  |TAMS 0x0000000706800000, 0x0000000706800000| Untracked 
|  67|0x0000000706900000, 0x0000000706900000, 0x0000000706a00000|  0%| F|  |TAMS 0x0000000706900000, 0x0000000706900000| Untracked 
|  68|0x0000000706a00000, 0x0000000706a00000, 0x0000000706b00000|  0%| F|  |TAMS 0x0000000706a00000, 0x0000000706a00000| Untracked 
|  69|0x0000000706b00000, 0x0000000706b00000, 0x0000000706c00000|  0%| F|  |TAMS 0x0000000706b00000, 0x0000000706b00000| Untracked 
|  70|0x0000000706c00000, 0x0000000706c00000, 0x0000000706d00000|  0%| F|  |TAMS 0x0000000706c00000, 0x0000000706c00000| Untracked 
|  71|0x0000000706d00000, 0x0000000706d00000, 0x0000000706e00000|  0%| F|  |TAMS 0x0000000706d00000, 0x0000000706d00000| Untracked 
|  72|0x0000000706e00000, 0x0000000706e00000, 0x0000000706f00000|  0%| F|  |TAMS 0x0000000706e00000, 0x0000000706e00000| Untracked 
|  73|0x0000000706f00000, 0x0000000706f00000, 0x0000000707000000|  0%| F|  |TAMS 0x0000000706f00000, 0x0000000706f00000| Untracked 
|  74|0x0000000707000000, 0x0000000707000000, 0x0000000707100000|  0%| F|  |TAMS 0x0000000707000000, 0x0000000707000000| Untracked 
|  75|0x0000000707100000, 0x0000000707100000, 0x0000000707200000|  0%| F|  |TAMS 0x0000000707100000, 0x0000000707100000| Untracked 
|  76|0x0000000707200000, 0x0000000707200000, 0x0000000707300000|  0%| F|  |TAMS 0x0000000707200000, 0x0000000707200000| Untracked 
|  77|0x0000000707300000, 0x0000000707300000, 0x0000000707400000|  0%| F|  |TAMS 0x0000000707300000, 0x0000000707300000| Untracked 
|  78|0x0000000707400000, 0x0000000707400000, 0x0000000707500000|  0%| F|  |TAMS 0x0000000707400000, 0x0000000707400000| Untracked 
|  79|0x0000000707500000, 0x0000000707500000, 0x0000000707600000|  0%| F|  |TAMS 0x0000000707500000, 0x0000000707500000| Untracked 
|  80|0x0000000707600000, 0x0000000707600000, 0x0000000707700000|  0%| F|  |TAMS 0x0000000707600000, 0x0000000707600000| Untracked 
|  81|0x0000000707700000, 0x0000000707700000, 0x0000000707800000|  0%| F|  |TAMS 0x0000000707700000, 0x0000000707700000| Untracked 
|  82|0x0000000707800000, 0x0000000707800000, 0x0000000707900000|  0%| F|  |TAMS 0x0000000707800000, 0x0000000707800000| Untracked 
|  83|0x0000000707900000, 0x0000000707900000, 0x0000000707a00000|  0%| F|  |TAMS 0x0000000707900000, 0x0000000707900000| Untracked 
|  84|0x0000000707a00000, 0x0000000707a00000, 0x0000000707b00000|  0%| F|  |TAMS 0x0000000707a00000, 0x0000000707a00000| Untracked 
|  85|0x0000000707b00000, 0x0000000707b00000, 0x0000000707c00000|  0%| F|  |TAMS 0x0000000707b00000, 0x0000000707b00000| Untracked 
|  86|0x0000000707c00000, 0x0000000707c00000, 0x0000000707d00000|  0%| F|  |TAMS 0x0000000707c00000, 0x0000000707c00000| Untracked 
|  87|0x0000000707d00000, 0x0000000707d00000, 0x0000000707e00000|  0%| F|  |TAMS 0x0000000707d00000, 0x0000000707d00000| Untracked 
|  88|0x0000000707e00000, 0x0000000707e00000, 0x0000000707f00000|  0%| F|  |TAMS 0x0000000707e00000, 0x0000000707e00000| Untracked 
|  89|0x0000000707f00000, 0x0000000707f00000, 0x0000000708000000|  0%| F|  |TAMS 0x0000000707f00000, 0x0000000707f00000| Untracked 
|  90|0x0000000708000000, 0x0000000708000000, 0x0000000708100000|  0%| F|  |TAMS 0x0000000708000000, 0x0000000708000000| Untracked 
|  91|0x0000000708100000, 0x0000000708100000, 0x0000000708200000|  0%| F|  |TAMS 0x0000000708100000, 0x0000000708100000| Untracked 
|  92|0x0000000708200000, 0x0000000708200000, 0x0000000708300000|  0%| F|  |TAMS 0x0000000708200000, 0x0000000708200000| Untracked 
|  93|0x0000000708300000, 0x0000000708300000, 0x0000000708400000|  0%| F|  |TAMS 0x0000000708300000, 0x0000000708300000| Untracked 
|  94|0x0000000708400000, 0x0000000708400000, 0x0000000708500000|  0%| F|  |TAMS 0x0000000708400000, 0x0000000708400000| Untracked 
|  95|0x0000000708500000, 0x0000000708500000, 0x0000000708600000|  0%| F|  |TAMS 0x0000000708500000, 0x0000000708500000| Untracked 
|  96|0x0000000708600000, 0x0000000708600000, 0x0000000708700000|  0%| F|  |TAMS 0x0000000708600000, 0x0000000708600000| Untracked 
|  97|0x0000000708700000, 0x0000000708700000, 0x0000000708800000|  0%| F|  |TAMS 0x0000000708700000, 0x0000000708700000| Untracked 
|  98|0x0000000708800000, 0x0000000708800000, 0x0000000708900000|  0%| F|  |TAMS 0x0000000708800000, 0x0000000708800000| Untracked 
|  99|0x0000000708900000, 0x0000000708900000, 0x0000000708a00000|  0%| F|  |TAMS 0x0000000708900000, 0x0000000708900000| Untracked 
| 100|0x0000000708a00000, 0x0000000708a00000, 0x0000000708b00000|  0%| F|  |TAMS 0x0000000708a00000, 0x0000000708a00000| Untracked 
| 101|0x0000000708b00000, 0x0000000708b00000, 0x0000000708c00000|  0%| F|  |TAMS 0x0000000708b00000, 0x0000000708b00000| Untracked 
| 102|0x0000000708c00000, 0x0000000708c00000, 0x0000000708d00000|  0%| F|  |TAMS 0x0000000708c00000, 0x0000000708c00000| Untracked 
| 103|0x0000000708d00000, 0x0000000708d00000, 0x0000000708e00000|  0%| F|  |TAMS 0x0000000708d00000, 0x0000000708d00000| Untracked 
| 104|0x0000000708e00000, 0x0000000708e00000, 0x0000000708f00000|  0%| F|  |TAMS 0x0000000708e00000, 0x0000000708e00000| Untracked 
| 105|0x0000000708f00000, 0x0000000708f00000, 0x0000000709000000|  0%| F|  |TAMS 0x0000000708f00000, 0x0000000708f00000| Untracked 
| 106|0x0000000709000000, 0x0000000709000000, 0x0000000709100000|  0%| F|  |TAMS 0x0000000709000000, 0x0000000709000000| Untracked 
| 107|0x0000000709100000, 0x0000000709100000, 0x0000000709200000|  0%| F|  |TAMS 0x0000000709100000, 0x0000000709100000| Untracked 
| 108|0x0000000709200000, 0x0000000709200000, 0x0000000709300000|  0%| F|  |TAMS 0x0000000709200000, 0x0000000709200000| Untracked 
| 109|0x0000000709300000, 0x0000000709300000, 0x0000000709400000|  0%| F|  |TAMS 0x0000000709300000, 0x0000000709300000| Untracked 
| 110|0x0000000709400000, 0x0000000709400000, 0x0000000709500000|  0%| F|  |TAMS 0x0000000709400000, 0x0000000709400000| Untracked 
| 111|0x0000000709500000, 0x0000000709500000, 0x0000000709600000|  0%| F|  |TAMS 0x0000000709500000, 0x0000000709500000| Untracked 
| 112|0x0000000709600000, 0x0000000709600000, 0x0000000709700000|  0%| F|  |TAMS 0x0000000709600000, 0x0000000709600000| Untracked 
| 113|0x0000000709700000, 0x0000000709700000, 0x0000000709800000|  0%| F|  |TAMS 0x0000000709700000, 0x0000000709700000| Untracked 
| 114|0x0000000709800000, 0x0000000709800000, 0x0000000709900000|  0%| F|  |TAMS 0x0000000709800000, 0x0000000709800000| Untracked 
| 115|0x0000000709900000, 0x0000000709900000, 0x0000000709a00000|  0%| F|  |TAMS 0x0000000709900000, 0x0000000709900000| Untracked 
| 116|0x0000000709a00000, 0x0000000709a00000, 0x0000000709b00000|  0%| F|  |TAMS 0x0000000709a00000, 0x0000000709a00000| Untracked 
| 117|0x0000000709b00000, 0x0000000709b00000, 0x0000000709c00000|  0%| F|  |TAMS 0x0000000709b00000, 0x0000000709b00000| Untracked 
| 118|0x0000000709c00000, 0x0000000709c00000, 0x0000000709d00000|  0%| F|  |TAMS 0x0000000709c00000, 0x0000000709c00000| Untracked 
| 119|0x0000000709d00000, 0x0000000709d00000, 0x0000000709e00000|  0%| F|  |TAMS 0x0000000709d00000, 0x0000000709d00000| Untracked 
| 120|0x0000000709e00000, 0x0000000709e00000, 0x0000000709f00000|  0%| F|  |TAMS 0x0000000709e00000, 0x0000000709e00000| Untracked 
| 121|0x0000000709f00000, 0x0000000709f00000, 0x000000070a000000|  0%| F|  |TAMS 0x0000000709f00000, 0x0000000709f00000| Untracked 
| 122|0x000000070a000000, 0x000000070a000000, 0x000000070a100000|  0%| F|  |TAMS 0x000000070a000000, 0x000000070a000000| Untracked 
| 123|0x000000070a100000, 0x000000070a100000, 0x000000070a200000|  0%| F|  |TAMS 0x000000070a100000, 0x000000070a100000| Untracked 
| 124|0x000000070a200000, 0x000000070a200000, 0x000000070a300000|  0%| F|  |TAMS 0x000000070a200000, 0x000000070a200000| Untracked 
| 125|0x000000070a300000, 0x000000070a300000, 0x000000070a400000|  0%| F|  |TAMS 0x000000070a300000, 0x000000070a300000| Untracked 
| 126|0x000000070a400000, 0x000000070a400000, 0x000000070a500000|  0%| F|  |TAMS 0x000000070a400000, 0x000000070a400000| Untracked 
| 127|0x000000070a500000, 0x000000070a500000, 0x000000070a600000|  0%| F|  |TAMS 0x000000070a500000, 0x000000070a500000| Untracked 
| 128|0x000000070a600000, 0x000000070a600000, 0x000000070a700000|  0%| F|  |TAMS 0x000000070a600000, 0x000000070a600000| Untracked 
| 129|0x000000070a700000, 0x000000070a700000, 0x000000070a800000|  0%| F|  |TAMS 0x000000070a700000, 0x000000070a700000| Untracked 
| 130|0x000000070a800000, 0x000000070a800000, 0x000000070a900000|  0%| F|  |TAMS 0x000000070a800000, 0x000000070a800000| Untracked 
| 131|0x000000070a900000, 0x000000070a900000, 0x000000070aa00000|  0%| F|  |TAMS 0x000000070a900000, 0x000000070a900000| Untracked 
| 132|0x000000070aa00000, 0x000000070aa00000, 0x000000070ab00000|  0%| F|  |TAMS 0x000000070aa00000, 0x000000070aa00000| Untracked 
| 133|0x000000070ab00000, 0x000000070ab00000, 0x000000070ac00000|  0%| F|  |TAMS 0x000000070ab00000, 0x000000070ab00000| Untracked 
| 134|0x000000070ac00000, 0x000000070ac00000, 0x000000070ad00000|  0%| F|  |TAMS 0x000000070ac00000, 0x000000070ac00000| Untracked 
| 135|0x000000070ad00000, 0x000000070ad00000, 0x000000070ae00000|  0%| F|  |TAMS 0x000000070ad00000, 0x000000070ad00000| Untracked 
| 136|0x000000070ae00000, 0x000000070ae00000, 0x000000070af00000|  0%| F|  |TAMS 0x000000070ae00000, 0x000000070ae00000| Untracked 
| 137|0x000000070af00000, 0x000000070af00000, 0x000000070b000000|  0%| F|  |TAMS 0x000000070af00000, 0x000000070af00000| Untracked 
| 138|0x000000070b000000, 0x000000070b000000, 0x000000070b100000|  0%| F|  |TAMS 0x000000070b000000, 0x000000070b000000| Untracked 
| 139|0x000000070b100000, 0x000000070b100000, 0x000000070b200000|  0%| F|  |TAMS 0x000000070b100000, 0x000000070b100000| Untracked 
| 140|0x000000070b200000, 0x000000070b200000, 0x000000070b300000|  0%| F|  |TAMS 0x000000070b200000, 0x000000070b200000| Untracked 
| 141|0x000000070b300000, 0x000000070b300000, 0x000000070b400000|  0%| F|  |TAMS 0x000000070b300000, 0x000000070b300000| Untracked 
| 142|0x000000070b400000, 0x000000070b400000, 0x000000070b500000|  0%| F|  |TAMS 0x000000070b400000, 0x000000070b400000| Untracked 
| 143|0x000000070b500000, 0x000000070b500000, 0x000000070b600000|  0%| F|  |TAMS 0x000000070b500000, 0x000000070b500000| Untracked 
| 144|0x000000070b600000, 0x000000070b600000, 0x000000070b700000|  0%| F|  |TAMS 0x000000070b600000, 0x000000070b600000| Untracked 
| 145|0x000000070b700000, 0x000000070b700000, 0x000000070b800000|  0%| F|  |TAMS 0x000000070b700000, 0x000000070b700000| Untracked 
| 146|0x000000070b800000, 0x000000070b800000, 0x000000070b900000|  0%| F|  |TAMS 0x000000070b800000, 0x000000070b800000| Untracked 
| 147|0x000000070b900000, 0x000000070b900000, 0x000000070ba00000|  0%| F|  |TAMS 0x000000070b900000, 0x000000070b900000| Untracked 
| 148|0x000000070ba00000, 0x000000070ba00000, 0x000000070bb00000|  0%| F|  |TAMS 0x000000070ba00000, 0x000000070ba00000| Untracked 
| 149|0x000000070bb00000, 0x000000070bb00000, 0x000000070bc00000|  0%| F|  |TAMS 0x000000070bb00000, 0x000000070bb00000| Untracked 
| 150|0x000000070bc00000, 0x000000070bc00000, 0x000000070bd00000|  0%| F|  |TAMS 0x000000070bc00000, 0x000000070bc00000| Untracked 
| 151|0x000000070bd00000, 0x000000070bd00000, 0x000000070be00000|  0%| F|  |TAMS 0x000000070bd00000, 0x000000070bd00000| Untracked 
| 152|0x000000070be00000, 0x000000070be00000, 0x000000070bf00000|  0%| F|  |TAMS 0x000000070be00000, 0x000000070be00000| Untracked 
| 153|0x000000070bf00000, 0x000000070bf00000, 0x000000070c000000|  0%| F|  |TAMS 0x000000070bf00000, 0x000000070bf00000| Untracked 
| 154|0x000000070c000000, 0x000000070c000000, 0x000000070c100000|  0%| F|  |TAMS 0x000000070c000000, 0x000000070c000000| Untracked 
| 155|0x000000070c100000, 0x000000070c100000, 0x000000070c200000|  0%| F|  |TAMS 0x000000070c100000, 0x000000070c100000| Untracked 
| 156|0x000000070c200000, 0x000000070c200000, 0x000000070c300000|  0%| F|  |TAMS 0x000000070c200000, 0x000000070c200000| Untracked 
| 157|0x000000070c300000, 0x000000070c300000, 0x000000070c400000|  0%| F|  |TAMS 0x000000070c300000, 0x000000070c300000| Untracked 
| 158|0x000000070c400000, 0x000000070c400000, 0x000000070c500000|  0%| F|  |TAMS 0x000000070c400000, 0x000000070c400000| Untracked 
| 159|0x000000070c500000, 0x000000070c500000, 0x000000070c600000|  0%| F|  |TAMS 0x000000070c500000, 0x000000070c500000| Untracked 
| 160|0x000000070c600000, 0x000000070c600000, 0x000000070c700000|  0%| F|  |TAMS 0x000000070c600000, 0x000000070c600000| Untracked 
| 161|0x000000070c700000, 0x000000070c700000, 0x000000070c800000|  0%| F|  |TAMS 0x000000070c700000, 0x000000070c700000| Untracked 
| 162|0x000000070c800000, 0x000000070c800000, 0x000000070c900000|  0%| F|  |TAMS 0x000000070c800000, 0x000000070c800000| Untracked 
| 163|0x000000070c900000, 0x000000070c900000, 0x000000070ca00000|  0%| F|  |TAMS 0x000000070c900000, 0x000000070c900000| Untracked 
| 164|0x000000070ca00000, 0x000000070ca00000, 0x000000070cb00000|  0%| F|  |TAMS 0x000000070ca00000, 0x000000070ca00000| Untracked 
| 165|0x000000070cb00000, 0x000000070cb00000, 0x000000070cc00000|  0%| F|  |TAMS 0x000000070cb00000, 0x000000070cb00000| Untracked 
| 166|0x000000070cc00000, 0x000000070cc00000, 0x000000070cd00000|  0%| F|  |TAMS 0x000000070cc00000, 0x000000070cc00000| Untracked 
| 167|0x000000070cd00000, 0x000000070cd00000, 0x000000070ce00000|  0%| F|  |TAMS 0x000000070cd00000, 0x000000070cd00000| Untracked 
| 168|0x000000070ce00000, 0x000000070ce00000, 0x000000070cf00000|  0%| F|  |TAMS 0x000000070ce00000, 0x000000070ce00000| Untracked 
| 169|0x000000070cf00000, 0x000000070cf00000, 0x000000070d000000|  0%| F|  |TAMS 0x000000070cf00000, 0x000000070cf00000| Untracked 
| 170|0x000000070d000000, 0x000000070d000000, 0x000000070d100000|  0%| F|  |TAMS 0x000000070d000000, 0x000000070d000000| Untracked 
| 171|0x000000070d100000, 0x000000070d100000, 0x000000070d200000|  0%| F|  |TAMS 0x000000070d100000, 0x000000070d100000| Untracked 
| 172|0x000000070d200000, 0x000000070d200000, 0x000000070d300000|  0%| F|  |TAMS 0x000000070d200000, 0x000000070d200000| Untracked 
| 173|0x000000070d300000, 0x000000070d300000, 0x000000070d400000|  0%| F|  |TAMS 0x000000070d300000, 0x000000070d300000| Untracked 
| 174|0x000000070d400000, 0x000000070d400000, 0x000000070d500000|  0%| F|  |TAMS 0x000000070d400000, 0x000000070d400000| Untracked 
| 175|0x000000070d500000, 0x000000070d500000, 0x000000070d600000|  0%| F|  |TAMS 0x000000070d500000, 0x000000070d500000| Untracked 
| 176|0x000000070d600000, 0x000000070d600000, 0x000000070d700000|  0%| F|  |TAMS 0x000000070d600000, 0x000000070d600000| Untracked 
| 177|0x000000070d700000, 0x000000070d700000, 0x000000070d800000|  0%| F|  |TAMS 0x000000070d700000, 0x000000070d700000| Untracked 
| 178|0x000000070d800000, 0x000000070d800000, 0x000000070d900000|  0%| F|  |TAMS 0x000000070d800000, 0x000000070d800000| Untracked 
| 179|0x000000070d900000, 0x000000070d900000, 0x000000070da00000|  0%| F|  |TAMS 0x000000070d900000, 0x000000070d900000| Untracked 
| 180|0x000000070da00000, 0x000000070da00000, 0x000000070db00000|  0%| F|  |TAMS 0x000000070da00000, 0x000000070da00000| Untracked 
| 181|0x000000070db00000, 0x000000070db00000, 0x000000070dc00000|  0%| F|  |TAMS 0x000000070db00000, 0x000000070db00000| Untracked 
| 182|0x000000070dc00000, 0x000000070dc00000, 0x000000070dd00000|  0%| F|  |TAMS 0x000000070dc00000, 0x000000070dc00000| Untracked 
| 183|0x000000070dd00000, 0x000000070dd00000, 0x000000070de00000|  0%| F|  |TAMS 0x000000070dd00000, 0x000000070dd00000| Untracked 
| 184|0x000000070de00000, 0x000000070de00000, 0x000000070df00000|  0%| F|  |TAMS 0x000000070de00000, 0x000000070de00000| Untracked 
| 185|0x000000070df00000, 0x000000070df00000, 0x000000070e000000|  0%| F|  |TAMS 0x000000070df00000, 0x000000070df00000| Untracked 
| 186|0x000000070e000000, 0x000000070e000000, 0x000000070e100000|  0%| F|  |TAMS 0x000000070e000000, 0x000000070e000000| Untracked 
| 187|0x000000070e100000, 0x000000070e100000, 0x000000070e200000|  0%| F|  |TAMS 0x000000070e100000, 0x000000070e100000| Untracked 
| 188|0x000000070e200000, 0x000000070e200000, 0x000000070e300000|  0%| F|  |TAMS 0x000000070e200000, 0x000000070e200000| Untracked 
| 189|0x000000070e300000, 0x000000070e300000, 0x000000070e400000|  0%| F|  |TAMS 0x000000070e300000, 0x000000070e300000| Untracked 
| 190|0x000000070e400000, 0x000000070e400000, 0x000000070e500000|  0%| F|  |TAMS 0x000000070e400000, 0x000000070e400000| Untracked 
| 191|0x000000070e500000, 0x000000070e500000, 0x000000070e600000|  0%| F|  |TAMS 0x000000070e500000, 0x000000070e500000| Untracked 
| 192|0x000000070e600000, 0x000000070e600000, 0x000000070e700000|  0%| F|  |TAMS 0x000000070e600000, 0x000000070e600000| Untracked 
| 193|0x000000070e700000, 0x000000070e700000, 0x000000070e800000|  0%| F|  |TAMS 0x000000070e700000, 0x000000070e700000| Untracked 
| 194|0x000000070e800000, 0x000000070e800000, 0x000000070e900000|  0%| F|  |TAMS 0x000000070e800000, 0x000000070e800000| Untracked 
| 195|0x000000070e900000, 0x000000070e900000, 0x000000070ea00000|  0%| F|  |TAMS 0x000000070e900000, 0x000000070e900000| Untracked 
| 196|0x000000070ea00000, 0x000000070ea00000, 0x000000070eb00000|  0%| F|  |TAMS 0x000000070ea00000, 0x000000070ea00000| Untracked 
| 197|0x000000070eb00000, 0x000000070eb00000, 0x000000070ec00000|  0%| F|  |TAMS 0x000000070eb00000, 0x000000070eb00000| Untracked 
| 198|0x000000070ec00000, 0x000000070ec00000, 0x000000070ed00000|  0%| F|  |TAMS 0x000000070ec00000, 0x000000070ec00000| Untracked 
| 199|0x000000070ed00000, 0x000000070ed00000, 0x000000070ee00000|  0%| F|  |TAMS 0x000000070ed00000, 0x000000070ed00000| Untracked 
| 200|0x000000070ee00000, 0x000000070ee00000, 0x000000070ef00000|  0%| F|  |TAMS 0x000000070ee00000, 0x000000070ee00000| Untracked 
| 201|0x000000070ef00000, 0x000000070ef00000, 0x000000070f000000|  0%| F|  |TAMS 0x000000070ef00000, 0x000000070ef00000| Untracked 
| 202|0x000000070f000000, 0x000000070f000000, 0x000000070f100000|  0%| F|  |TAMS 0x000000070f000000, 0x000000070f000000| Untracked 
| 203|0x000000070f100000, 0x000000070f100000, 0x000000070f200000|  0%| F|  |TAMS 0x000000070f100000, 0x000000070f100000| Untracked 
| 204|0x000000070f200000, 0x000000070f200000, 0x000000070f300000|  0%| F|  |TAMS 0x000000070f200000, 0x000000070f200000| Untracked 
| 205|0x000000070f300000, 0x000000070f3e9790, 0x000000070f400000| 91%| S|CS|TAMS 0x000000070f300000, 0x000000070f300000| Complete 
| 206|0x000000070f400000, 0x000000070f500000, 0x000000070f500000|100%| S|CS|TAMS 0x000000070f400000, 0x000000070f400000| Complete 
| 207|0x000000070f500000, 0x000000070f600000, 0x000000070f600000|100%| S|CS|TAMS 0x000000070f500000, 0x000000070f500000| Complete 
| 208|0x000000070f600000, 0x000000070f700000, 0x000000070f700000|100%| S|CS|TAMS 0x000000070f600000, 0x000000070f600000| Complete 
| 209|0x000000070f700000, 0x000000070f700000, 0x000000070f800000|  0%| F|  |TAMS 0x000000070f700000, 0x000000070f700000| Untracked 
| 210|0x000000070f800000, 0x000000070f800000, 0x000000070f900000|  0%| F|  |TAMS 0x000000070f800000, 0x000000070f800000| Untracked 
| 211|0x000000070f900000, 0x000000070f900000, 0x000000070fa00000|  0%| F|  |TAMS 0x000000070f900000, 0x000000070f900000| Untracked 
| 212|0x000000070fa00000, 0x000000070fa00000, 0x000000070fb00000|  0%| F|  |TAMS 0x000000070fa00000, 0x000000070fa00000| Untracked 
| 213|0x000000070fb00000, 0x000000070fb00000, 0x000000070fc00000|  0%| F|  |TAMS 0x000000070fb00000, 0x000000070fb00000| Untracked 
| 214|0x000000070fc00000, 0x000000070fc00000, 0x000000070fd00000|  0%| F|  |TAMS 0x000000070fc00000, 0x000000070fc00000| Untracked 
| 215|0x000000070fd00000, 0x000000070fd00000, 0x000000070fe00000|  0%| F|  |TAMS 0x000000070fd00000, 0x000000070fd00000| Untracked 
| 216|0x000000070fe00000, 0x000000070fe00000, 0x000000070ff00000|  0%| F|  |TAMS 0x000000070fe00000, 0x000000070fe00000| Untracked 
| 217|0x000000070ff00000, 0x000000070ff00000, 0x0000000710000000|  0%| F|  |TAMS 0x000000070ff00000, 0x000000070ff00000| Untracked 
| 218|0x0000000710000000, 0x0000000710000000, 0x0000000710100000|  0%| F|  |TAMS 0x0000000710000000, 0x0000000710000000| Untracked 
| 219|0x0000000710100000, 0x0000000710100000, 0x0000000710200000|  0%| F|  |TAMS 0x0000000710100000, 0x0000000710100000| Untracked 
| 220|0x0000000710200000, 0x0000000710200000, 0x0000000710300000|  0%| F|  |TAMS 0x0000000710200000, 0x0000000710200000| Untracked 
| 221|0x0000000710300000, 0x0000000710300000, 0x0000000710400000|  0%| F|  |TAMS 0x0000000710300000, 0x0000000710300000| Untracked 
| 222|0x0000000710400000, 0x0000000710400000, 0x0000000710500000|  0%| F|  |TAMS 0x0000000710400000, 0x0000000710400000| Untracked 
| 223|0x0000000710500000, 0x0000000710500000, 0x0000000710600000|  0%| F|  |TAMS 0x0000000710500000, 0x0000000710500000| Untracked 
| 224|0x0000000710600000, 0x0000000710600000, 0x0000000710700000|  0%| F|  |TAMS 0x0000000710600000, 0x0000000710600000| Untracked 
| 225|0x0000000710700000, 0x0000000710700000, 0x0000000710800000|  0%| F|  |TAMS 0x0000000710700000, 0x0000000710700000| Untracked 
| 226|0x0000000710800000, 0x0000000710800000, 0x0000000710900000|  0%| F|  |TAMS 0x0000000710800000, 0x0000000710800000| Untracked 
| 227|0x0000000710900000, 0x0000000710900000, 0x0000000710a00000|  0%| F|  |TAMS 0x0000000710900000, 0x0000000710900000| Untracked 
| 228|0x0000000710a00000, 0x0000000710a00000, 0x0000000710b00000|  0%| F|  |TAMS 0x0000000710a00000, 0x0000000710a00000| Untracked 
| 229|0x0000000710b00000, 0x0000000710b00000, 0x0000000710c00000|  0%| F|  |TAMS 0x0000000710b00000, 0x0000000710b00000| Untracked 
| 230|0x0000000710c00000, 0x0000000710c00000, 0x0000000710d00000|  0%| F|  |TAMS 0x0000000710c00000, 0x0000000710c00000| Untracked 
| 231|0x0000000710d00000, 0x0000000710d00000, 0x0000000710e00000|  0%| F|  |TAMS 0x0000000710d00000, 0x0000000710d00000| Untracked 
| 232|0x0000000710e00000, 0x0000000710e00000, 0x0000000710f00000|  0%| F|  |TAMS 0x0000000710e00000, 0x0000000710e00000| Untracked 
| 233|0x0000000710f00000, 0x0000000710f00000, 0x0000000711000000|  0%| F|  |TAMS 0x0000000710f00000, 0x0000000710f00000| Untracked 
| 234|0x0000000711000000, 0x0000000711000000, 0x0000000711100000|  0%| F|  |TAMS 0x0000000711000000, 0x0000000711000000| Untracked 
| 235|0x0000000711100000, 0x0000000711100000, 0x0000000711200000|  0%| F|  |TAMS 0x0000000711100000, 0x0000000711100000| Untracked 
| 236|0x0000000711200000, 0x0000000711200000, 0x0000000711300000|  0%| F|  |TAMS 0x0000000711200000, 0x0000000711200000| Untracked 
| 237|0x0000000711300000, 0x0000000711300000, 0x0000000711400000|  0%| F|  |TAMS 0x0000000711300000, 0x0000000711300000| Untracked 
| 238|0x0000000711400000, 0x0000000711400000, 0x0000000711500000|  0%| F|  |TAMS 0x0000000711400000, 0x0000000711400000| Untracked 
| 239|0x0000000711500000, 0x0000000711500000, 0x0000000711600000|  0%| F|  |TAMS 0x0000000711500000, 0x0000000711500000| Untracked 
| 240|0x0000000711600000, 0x0000000711600000, 0x0000000711700000|  0%| F|  |TAMS 0x0000000711600000, 0x0000000711600000| Untracked 
| 241|0x0000000711700000, 0x0000000711700000, 0x0000000711800000|  0%| F|  |TAMS 0x0000000711700000, 0x0000000711700000| Untracked 
| 242|0x0000000711800000, 0x0000000711900000, 0x0000000711900000|100%| E|  |TAMS 0x0000000711800000, 0x0000000711800000| Complete 
| 243|0x0000000711900000, 0x0000000711a00000, 0x0000000711a00000|100%| E|CS|TAMS 0x0000000711900000, 0x0000000711900000| Complete 
| 244|0x0000000711a00000, 0x0000000711b00000, 0x0000000711b00000|100%| E|CS|TAMS 0x0000000711a00000, 0x0000000711a00000| Complete 
| 245|0x0000000711b00000, 0x0000000711c00000, 0x0000000711c00000|100%| E|CS|TAMS 0x0000000711b00000, 0x0000000711b00000| Complete 
| 246|0x0000000711c00000, 0x0000000711d00000, 0x0000000711d00000|100%| E|CS|TAMS 0x0000000711c00000, 0x0000000711c00000| Complete 
| 247|0x0000000711d00000, 0x0000000711e00000, 0x0000000711e00000|100%| E|CS|TAMS 0x0000000711d00000, 0x0000000711d00000| Complete 
| 248|0x0000000711e00000, 0x0000000711f00000, 0x0000000711f00000|100%| E|CS|TAMS 0x0000000711e00000, 0x0000000711e00000| Complete 
| 249|0x0000000711f00000, 0x0000000712000000, 0x0000000712000000|100%| E|CS|TAMS 0x0000000711f00000, 0x0000000711f00000| Complete 
| 250|0x0000000712000000, 0x0000000712100000, 0x0000000712100000|100%| E|CS|TAMS 0x0000000712000000, 0x0000000712000000| Complete 
| 251|0x0000000712100000, 0x0000000712200000, 0x0000000712200000|100%| E|CS|TAMS 0x0000000712100000, 0x0000000712100000| Complete 
| 252|0x0000000712200000, 0x0000000712300000, 0x0000000712300000|100%| E|CS|TAMS 0x0000000712200000, 0x0000000712200000| Complete 
| 253|0x0000000712300000, 0x0000000712400000, 0x0000000712400000|100%| E|CS|TAMS 0x0000000712300000, 0x0000000712300000| Complete 

Card table byte_map: [0x000001d343c80000,0x000001d344470000] _byte_map_base: 0x000001d34046d000

Marking Bits (Prev, Next): (CMBitMap*) 0x000001d32b8a4640, (CMBitMap*) 0x000001d32b8a4608
 Prev Bits: [0x000001d348bd0000, 0x000001d34cb38000)
 Next Bits: [0x000001d344c60000, 0x000001d348bc8000)

Polling page: 0x000001d3295e0000

Metaspace:

Usage:
  Non-class:     23.14 MB capacity,    22.58 MB ( 98%) used,   467.94 KB (  2%) free+waste,   100.31 KB ( <1%) overhead. 
      Class:      3.46 MB capacity,     3.09 MB ( 89%) used,   321.16 KB (  9%) free+waste,    51.38 KB (  1%) overhead. 
       Both:     26.59 MB capacity,    25.68 MB ( 97%) used,   789.09 KB (  3%) free+waste,   151.69 KB ( <1%) overhead. 

Virtual space:
  Non-class space:       34.00 MB reserved,      23.17 MB ( 68%) committed 
      Class space:        1.00 GB reserved,       3.50 MB ( <1%) committed 
             Both:        1.03 GB reserved,      26.67 MB (  3%) committed 

Chunk freelists:
   Non-Class:  37.00 KB
       Class:  11.00 KB
        Both:  48.00 KB

MaxMetaspaceSize: 17179869184.00 GB
CompressedClassSpaceSize: 1.00 GB

CodeHeap 'non-profiled nmethods': size=238336Kb used=3589Kb max_used=3589Kb free=234747Kb
 bounds [0x000001d334680000, 0x000001d334a10000, 0x000001d342f40000]
CodeHeap 'non-nmethods': size=7424Kb used=1158Kb max_used=1158Kb free=6265Kb
 bounds [0x000001d333f40000, 0x000001d3341b0000, 0x000001d334680000]
 total_blobs=2924 nmethods=2443 adapters=406
 compilation: disabled (not enough contiguous free space left)
              stopped_count=1, restarted_count=0
 full_count=1

Compilation events (20 events):
Event: 1.607 Thread 0x000001d350201000 2424       1       jdk.internal.org.objectweb.asm.MethodVisitor::visitMaxs (17 bytes)
Event: 1.607 Thread 0x000001d350201000 nmethod 2424 0x000001d3349fa690 code [0x000001d3349fa840, 0x000001d3349fa928]
Event: 1.607 Thread 0x000001d350201000 2425       1       jdk.internal.org.objectweb.asm.MethodVisitor::visitEnd (15 bytes)
Event: 1.607 Thread 0x000001d350201000 nmethod 2425 0x000001d3349fa990 code [0x000001d3349fab40, 0x000001d3349fac28]
Event: 1.607 Thread 0x000001d350201000 2411       1       org.springframework.context.annotation.ConfigurationClassParser::access$1000 (5 bytes)
Event: 1.607 Thread 0x000001d350201000 nmethod 2411 0x000001d3349fac90 code [0x000001d3349fae40, 0x000001d3349faed8]
Event: 1.607 Thread 0x000001d350201000 2428       1       org.springframework.core.type.classreading.SimpleAnnotationMetadata::getInterfaceNames (11 bytes)
Event: 1.607 Thread 0x000001d350201000 nmethod 2428 0x000001d3349faf90 code [0x000001d3349fb140, 0x000001d3349fb268]
Event: 1.607 Thread 0x000001d350201000 2400       1       java.util.zip.ZipFile$ZipFileInputStream::size (5 bytes)
Event: 1.607 Thread 0x000001d350201000 nmethod 2400 0x000001d3349fb310 code [0x000001d3349fb4c0, 0x000001d3349fb578]
Event: 1.607 Thread 0x000001d350201000 2429       1       org.springframework.util.ObjectUtils::isEmpty (15 bytes)
Event: 1.607 Thread 0x000001d350201000 nmethod 2429 0x000001d3349fb610 code [0x000001d3349fb7c0, 0x000001d3349fb898]
Event: 1.607 Thread 0x000001d350201000 2430       1       java.lang.invoke.AbstractValidatingLambdaMetafactory::checkDescriptor (133 bytes)
Event: 1.608 Thread 0x000001d350201000 nmethod 2430 0x000001d3349fb910 code [0x000001d3349fbc20, 0x000001d3349fcc58]
Event: 1.608 Thread 0x000001d350201000 2433       1       java.lang.invoke.InnerClassLambdaMetafactory::spinInnerClass (521 bytes)
Event: 1.609 Thread 0x000001d350201000 nmethod 2433 0x000001d3349fd410 code [0x000001d3349fd7e0, 0x000001d3349fe9f8]
Event: 1.609 Thread 0x000001d350201000 2437       1       java.lang.invoke.InnerClassLambdaMetafactory$ForwardingMethodGenerator::convertArgumentTypes (96 bytes)
Event: 1.609 Thread 0x000001d350201000 nmethod 2437 0x000001d3349ff490 code [0x000001d3349ff6a0, 0x000001d3349ffa98]
Event: 1.609 Thread 0x000001d350201000 2436       1       java.lang.invoke.InnerClassLambdaMetafactory$ForwardingMethodGenerator::generate (181 bytes)
Event: 1.610 Thread 0x000001d350201000 


GC Heap History (6 events):
Event: 1.047 GC heap before
{Heap before GC invocations=0 (full 0):
 garbage-first heap   total 260096K, used 23552K [0x0000000702600000, 0x0000000800000000)
  region size 1024K, 24 young (24576K), 0 survivors (0K)
 Metaspace       used 14661K, capacity 15067K, committed 15360K, reserved 1062912K
  class space    used 1572K, capacity 1728K, committed 1792K, reserved 1048576K
}
Event: 1.052 GC heap after
{Heap after GC invocations=1 (full 0):
 garbage-first heap   total 260096K, used 5615K [0x0000000702600000, 0x0000000800000000)
  region size 1024K, 3 young (3072K), 3 survivors (3072K)
 Metaspace       used 14661K, capacity 15067K, committed 15360K, reserved 1062912K
  class space    used 1572K, capacity 1728K, committed 1792K, reserved 1048576K
}
Event: 1.299 GC heap before
{Heap before GC invocations=1 (full 0):
 garbage-first heap   total 260096K, used 35311K [0x0000000702600000, 0x0000000800000000)
  region size 1024K, 33 young (33792K), 3 survivors (3072K)
 Metaspace       used 20514K, capacity 21125K, committed 21296K, reserved 1069056K
  class space    used 2355K, capacity 2619K, committed 2688K, reserved 1048576K
}
Event: 1.307 GC heap after
{Heap after GC invocations=2 (full 0):
 garbage-first heap   total 260096K, used 7648K [0x0000000702600000, 0x0000000800000000)
  region size 1024K, 5 young (5120K), 5 survivors (5120K)
 Metaspace       used 20514K, capacity 21125K, committed 21296K, reserved 1069056K
  class space    used 2355K, capacity 2619K, committed 2688K, reserved 1048576K
}
Event: 1.590 GC heap before
{Heap before GC invocations=3 (full 0):
 garbage-first heap   total 260096K, used 48608K [0x0000000702600000, 0x0000000800000000)
  region size 1024K, 45 young (46080K), 5 survivors (5120K)
 Metaspace       used 24671K, capacity 25473K, committed 25776K, reserved 1075200K
  class space    used 2929K, capacity 3237K, committed 3328K, reserved 1048576K
}
Event: 1.595 GC heap after
{Heap after GC invocations=4 (full 0):
 garbage-first heap   total 260096K, used 9605K [0x0000000702600000, 0x0000000800000000)
  region size 1024K, 4 young (4096K), 4 survivors (4096K)
 Metaspace       used 24671K, capacity 25473K, committed 25776K, reserved 1075200K
  class space    used 2929K, capacity 3237K, committed 3328K, reserved 1048576K
}

Deoptimization events (0 events):
No events

Classes redefined (0 events):
No events

Internal exceptions (20 events):
Event: 1.408 Thread 0x000001d32b83b800 Exception <a 'java/lang/ClassNotFoundException'{0x00000007114b0ee0}: org/springframework/beans/factory/AwareCustomizer> (0x00000007114b0ee0) thrown at [./src/hotspot/share/classfile/systemDictionary.cpp, line 231]
Event: 1.409 Thread 0x000001d32b83b800 Exception <a 'java/lang/ClassNotFoundException'{0x00000007114be318}: org/springframework/beans/factory/BeanClassLoaderAwareCustomizer> (0x00000007114be318) thrown at [./src/hotspot/share/classfile/systemDictionary.cpp, line 231]
Event: 1.409 Thread 0x000001d32b83b800 Exception <a 'java/lang/ClassNotFoundException'{0x00000007114cb1a8}: org/springframework/beans/factory/AwareCustomizer> (0x00000007114cb1a8) thrown at [./src/hotspot/share/classfile/systemDictionary.cpp, line 231]
Event: 1.409 Thread 0x000001d32b83b800 Exception <a 'java/lang/ClassNotFoundException'{0x00000007114d77f0}: org/springframework/context/EnvironmentAwareCustomizer> (0x00000007114d77f0) thrown at [./src/hotspot/share/classfile/systemDictionary.cpp, line 231]
Event: 1.409 Thread 0x000001d32b83b800 Exception <a 'java/lang/ClassNotFoundException'{0x00000007114e45f8}: org/springframework/beans/factory/AwareCustomizer> (0x00000007114e45f8) thrown at [./src/hotspot/share/classfile/systemDictionary.cpp, line 231]
Event: 1.465 Thread 0x000001d359dc1000 Exception <a 'java/lang/OutOfMemoryError'{0x0000000710e130b8}> (0x0000000710e130b8) thrown at [./src/hotspot/share/prims/jni.cpp, line 636]
Event: 1.470 Thread 0x000001d32b83b800 Exception <a 'java/lang/OutOfMemoryError'{0x0000000710c70758}> (0x0000000710c70758) thrown at [./src/hotspot/share/prims/jni.cpp, line 636]
Event: 1.471 Thread 0x000001d359dc1000 Exception <a 'java/lang/OutOfMemoryError'{0x0000000710cef620}> (0x0000000710cef620) thrown at [./src/hotspot/share/prims/jni.cpp, line 636]
Event: 1.471 Thread 0x000001d359dc1000 Exception <a 'java/lang/OutOfMemoryError'{0x0000000710cf5af0}> (0x0000000710cf5af0) thrown at [./src/hotspot/share/prims/jni.cpp, line 636]
Event: 1.471 Thread 0x000001d359dc1000 Exception <a 'java/lang/OutOfMemoryError'{0x0000000710cfd230}> (0x0000000710cfd230) thrown at [./src/hotspot/share/prims/jni.cpp, line 636]
Event: 1.472 Thread 0x000001d359dc1000 Exception <a 'java/lang/OutOfMemoryError'{0x0000000710ba3c90}> (0x0000000710ba3c90) thrown at [./src/hotspot/share/prims/jni.cpp, line 636]
Event: 1.480 Thread 0x000001d32b83b800 Exception <a 'java/lang/IncompatibleClassChangeError'{0x0000000710ad24d0}: Found class java.lang.Object, but interface was expected> (0x0000000710ad24d0) thrown at [./src/hotspot/share/interpreter/linkResolver.cpp, line 839]
Event: 1.497 Thread 0x000001d32b83b800 Exception <a 'java/lang/NoSuchMethodError'{0x00000007108bbb18}: 'void java.lang.invoke.DirectMethodHandle$Holder.invokeInterface(java.lang.Object, java.lang.Object, java.lang.Object, java.lang.Object)'> (0x00000007108bbb18) thrown at [./src/hotspot/share/interpreter/linkResolver.cpp, line 773]
Event: 1.601 Thread 0x000001d35a250000 Exception <a 'java/lang/NoSuchMethodError'{0x00000007122bd370}: 'java.lang.Object java.lang.invoke.DirectMethodHandle$Holder.invokeStatic(java.lang.Object, java.lang.Object, java.lang.Object, java.lang.Object, java.lang.Object, java.lang.Object, java.lang.Object, java.lang.Object, java.lang.Object, java.lang.Object, java.lang.Object, java.lang.Object, java.lang.Object, int)'> (0x00000007122bd370) thrown at [./src/hotspot/share/interpreter/linkResolver.cpp, line 773]
Event: 1.602 Thread 0x000001d35a250000 Exception <a 'java/lang/NoSuchMethodError'{0x00000007122c9b98}: 'java.lang.Object java.lang.invoke.DirectMethodHandle$Holder.invokeStatic(java.lang.Object, java.lang.Object, java.lang.Object, java.lang.Object, java.lang.Object, java.lang.Object, java.lang.Object, java.lang.Object, java.lang.Object, java.lang.Object, java.lang.Object, java.lang.Object, java.lang.Object, int, int)'> (0x00000007122c9b98) thrown at [./src/hotspot/share/interpreter/linkResolver.cpp, line 773]
Event: 1.603 Thread 0x000001d35a250000 Exception <a 'java/lang/NoSuchMethodError'{0x00000007122e2dc8}: 'java.lang.Object java.lang.invoke.DelegatingMethodHandle$Holder.reinvoke_L(java.lang.Object, int, java.lang.Object)'> (0x00000007122e2dc8) thrown at [./src/hotspot/share/interpreter/linkResolver.cpp, line 773]
Event: 1.614 Thread 0x000001d35a250000 Exception <a 'java/lang/NoSuchMethodError'{0x00000007121e93b0}: <clinit>> (0x00000007121e93b0) thrown at [./src/hotspot/share/prims/jni.cpp, line 1362]
Event: 1.620 Thread 0x000001d35a250000 Exception <a 'java/lang/ClassNotFoundException'{0x0000000711e2b5e0}: javax/management/remote/rmi/RMIConnectionImpl_Skel> (0x0000000711e2b5e0) thrown at [./src/hotspot/share/classfile/systemDictionary.cpp, line 231]
Event: 1.620 Thread 0x000001d35a2a7800 Exception <a 'java/lang/NoSuchMethodError'{0x0000000711eac5c8}: 'java.lang.Object java.lang.invoke.Invokers$Holder.linkToTargetMethod(java.lang.Object, long, java.lang.Object)'> (0x0000000711eac5c8) thrown at [./src/hotspot/share/interpreter/linkResolver.cpp, line 773]
Event: 1.625 Thread 0x000001d35a250000 Exception <a 'java/lang/reflect/InvocationTargetException'{0x0000000711e5f640}> (0x0000000711e5f640) thrown at [./src/hotspot/share/runtime/reflection.cpp, line 1247]

Events (20 events):
Event: 1.624 loading class org/springframework/boot/web/server/ConfigurableWebServerFactory
Event: 1.624 loading class org/springframework/boot/web/server/ConfigurableWebServerFactory done
Event: 1.625 loading class org/springframework/boot/web/server/WebServerFactory
Event: 1.625 loading class org/springframework/boot/web/server/WebServerFactory done
Event: 1.625 loading class javax/management/MalformedObjectNameException
Event: 1.625 loading class org/springframework/boot/web/server/ErrorPageRegistry
Event: 1.625 loading class org/springframework/boot/web/server/ErrorPageRegistry done
Event: 1.625 loading class javax/management/MalformedObjectNameException done
Event: 1.625 Executing VM operation: CollectForMetadataAllocation
Event: 1.625 loading class javax/management/remote/rmi/RMIConnectionImpl$PrivilegedOperation
Event: 1.625 loading class javax/management/remote/rmi/RMIConnectionImpl$PrivilegedOperation done
Event: 1.625 Executing VM operation: CollectForMetadataAllocation done
Event: 1.625 loading class java/security/PrivilegedActionException
Event: 1.625 loading class java/security/PrivilegedActionException done
Event: 1.625 loading class java/lang/reflect/InvocationTargetException
Event: 1.625 loading class org/springframework/boot/web/servlet/server/AbstractServletWebServerFactory
Event: 1.625 loading class org/springframework/boot/web/servlet/server/AbstractServletWebServerFactory done
Event: 1.625 loading class java/lang/reflect/InvocationTargetException done
Event: 1.625 loading class org/springframework/boot/web/servlet/server/ConfigurableServletWebServerFactory
Event: 1.625 loading class org/springframework/boot/web/servlet/server/ConfigurableServletWebServerFactory done


Dynamic libraries:
0x00007ff6f81f0000 - 0x00007ff6f81fd000 	E:\开发工具\jdk-11.0.11+0\bin\java.exe
0x00007fffffa60000 - 0x00007fffffc69000 	C:\WINDOWS\SYSTEM32\ntdll.dll
0x00007ffffec80000 - 0x00007ffffed3e000 	C:\WINDOWS\System32\KERNEL32.DLL
0x00007ffffd2d0000 - 0x00007ffffd64c000 	C:\WINDOWS\System32\KERNELBASE.dll
0x00007ffffd000000 - 0x00007ffffd111000 	C:\WINDOWS\System32\ucrtbase.dll
0x00007fffe6dc0000 - 0x00007fffe6dd7000 	E:\开发工具\jdk-11.0.11+0\bin\jli.dll
0x00007fffe6960000 - 0x00007fffe6975000 	E:\开发工具\jdk-11.0.11+0\bin\VCRUNTIME140.dll
0x00007ffffe100000 - 0x00007ffffe2ad000 	C:\WINDOWS\System32\USER32.dll
0x00007ffffcfd0000 - 0x00007ffffcff6000 	C:\WINDOWS\System32\win32u.dll
0x00007fffea390000 - 0x00007fffea635000 	C:\WINDOWS\WinSxS\amd64_microsoft.windows.common-controls_6595b64144ccf1df_6.0.22000.120_none_9d947278b86cc467\COMCTL32.dll
0x00007ffffea20000 - 0x00007ffffea49000 	C:\WINDOWS\System32\GDI32.dll
0x00007fffff590000 - 0x00007fffff633000 	C:\WINDOWS\System32\msvcrt.dll
0x00007ffffd7c0000 - 0x00007ffffd8d8000 	C:\WINDOWS\System32\gdi32full.dll
0x00007ffffcf30000 - 0x00007ffffcfcd000 	C:\WINDOWS\System32\msvcp_win.dll
0x00007fffff640000 - 0x00007fffff671000 	C:\WINDOWS\System32\IMM32.DLL
0x00007fffe3de0000 - 0x00007fffe3e7b000 	E:\开发工具\jdk-11.0.11+0\bin\msvcp140.dll
0x00007fff9c420000 - 0x00007fff9cef2000 	E:\开发工具\jdk-11.0.11+0\bin\server\jvm.dll
0x00007ffffdd70000 - 0x00007ffffde1e000 	C:\WINDOWS\System32\ADVAPI32.dll
0x00007ffffe800000 - 0x00007ffffe89e000 	C:\WINDOWS\System32\sechost.dll
0x00007ffffe8a0000 - 0x00007ffffe9c0000 	C:\WINDOWS\System32\RPCRT4.dll
0x00007ffffdbf0000 - 0x00007ffffdbf8000 	C:\WINDOWS\System32\PSAPI.DLL
0x00007ffff94e0000 - 0x00007ffff94e9000 	C:\WINDOWS\SYSTEM32\WSOCK32.dll
0x00007ffff6020000 - 0x00007ffff602a000 	C:\WINDOWS\SYSTEM32\VERSION.dll
0x00007ffff66b0000 - 0x00007ffff66e3000 	C:\WINDOWS\SYSTEM32\WINMM.dll
0x00007ffffdd00000 - 0x00007ffffdd6f000 	C:\WINDOWS\System32\WS2_32.dll
0x00007ffffc030000 - 0x00007ffffc048000 	C:\WINDOWS\SYSTEM32\kernel.appcore.dll
0x00007fffe6d90000 - 0x00007fffe6da0000 	E:\开发工具\jdk-11.0.11+0\bin\verify.dll
0x00007ffffa9c0000 - 0x00007ffffabe1000 	C:\WINDOWS\SYSTEM32\DBGHELP.DLL
0x00007fffdc060000 - 0x00007fffdc091000 	C:\WINDOWS\SYSTEM32\dbgcore.DLL
0x00007ffffd250000 - 0x00007ffffd2cf000 	C:\WINDOWS\System32\bcryptPrimitives.dll
0x00007fffe6350000 - 0x00007fffe6378000 	E:\开发工具\jdk-11.0.11+0\bin\java.dll
0x00007fffe6950000 - 0x00007fffe695a000 	E:\开发工具\jdk-11.0.11+0\bin\jimage.dll
0x00007fffe5aa0000 - 0x00007fffe5aae000 	E:\开发工具\jdk-11.0.11+0\bin\instrument.dll
0x00007fffe6780000 - 0x00007fffe6797000 	E:\开发工具\jdk-11.0.11+0\bin\zip.dll
0x00007ffffed40000 - 0x00007fffff505000 	C:\WINDOWS\System32\SHELL32.dll
0x00007ffffaff0000 - 0x00007ffffb855000 	C:\WINDOWS\SYSTEM32\windows.storage.dll
0x00007fffff680000 - 0x00007fffff9f6000 	C:\WINDOWS\System32\combase.dll
0x00007ffffae80000 - 0x00007ffffafe6000 	C:\WINDOWS\SYSTEM32\wintypes.dll
0x00007ffffd8e0000 - 0x00007ffffd9ca000 	C:\WINDOWS\System32\SHCORE.dll
0x00007ffffdc90000 - 0x00007ffffdced000 	C:\WINDOWS\System32\shlwapi.dll
0x00007ffffce60000 - 0x00007ffffce81000 	C:\WINDOWS\SYSTEM32\profapi.dll
0x00007fffe5ea0000 - 0x00007fffe5eb9000 	E:\开发工具\jdk-11.0.11+0\bin\net.dll
0x00007ffff5f00000 - 0x00007ffff6012000 	C:\WINDOWS\SYSTEM32\WINHTTP.dll
0x00007ffffc540000 - 0x00007ffffc5a7000 	C:\WINDOWS\system32\mswsock.dll
0x00007fffe5e80000 - 0x00007fffe5e92000 	E:\开发工具\jdk-11.0.11+0\bin\nio.dll
0x00007fffe45e0000 - 0x00007fffe45fa000 	C:\Program Files\JetBrains\IntelliJ IDEA 2022.3.3\bin\breakgen64.dll
0x00007ffffbb50000 - 0x00007ffffbc38000 	C:\WINDOWS\SYSTEM32\DNSAPI.dll
0x00007ffffbb20000 - 0x00007ffffbb4d000 	C:\WINDOWS\SYSTEM32\IPHLPAPI.DLL
0x00007ffffdcf0000 - 0x00007ffffdcf9000 	C:\WINDOWS\System32\NSI.dll
0x00007fffdfee0000 - 0x00007fffdfeea000 	C:\Windows\System32\rasadhlp.dll
0x00007ffff4880000 - 0x00007ffff4901000 	C:\WINDOWS\System32\fwpuclnt.dll
0x00007fffe47d0000 - 0x00007fffe47d9000 	E:\开发工具\jdk-11.0.11+0\bin\management.dll
0x00007fffe4550000 - 0x00007fffe455b000 	E:\开发工具\jdk-11.0.11+0\bin\management_ext.dll
0x00007ffffc790000 - 0x00007ffffc7a8000 	C:\WINDOWS\SYSTEM32\CRYPTSP.dll
0x00007ffffbf80000 - 0x00007ffffbfb5000 	C:\WINDOWS\system32\rsaenh.dll
0x00007ffffc630000 - 0x00007ffffc659000 	C:\WINDOWS\SYSTEM32\USERENV.dll
0x00007ffffc910000 - 0x00007ffffc937000 	C:\WINDOWS\SYSTEM32\bcrypt.dll
0x00007ffffc780000 - 0x00007ffffc78c000 	C:\WINDOWS\SYSTEM32\CRYPTBASE.dll
0x00007ffff5ac0000 - 0x00007ffff5ad9000 	C:\WINDOWS\SYSTEM32\dhcpcsvc6.DLL
0x00007ffff67f0000 - 0x00007ffff680e000 	C:\WINDOWS\SYSTEM32\dhcpcsvc.DLL
0x00007fffdcf90000 - 0x00007fffdcfa7000 	C:\WINDOWS\system32\napinsp.dll
0x00007fffdce20000 - 0x00007fffdce3b000 	C:\WINDOWS\system32\pnrpnsp.dll
0x00007fffdccc0000 - 0x00007fffdccd2000 	C:\WINDOWS\System32\winrnr.dll
0x00007fffdcca0000 - 0x00007fffdccb5000 	C:\WINDOWS\system32\wshbth.dll
0x00007fffdcc80000 - 0x00007fffdcc9f000 	C:\WINDOWS\system32\nlansp_c.dll

dbghelp: loaded successfully - version: 4.0.5 - missing functions: none
symbol engine: initialized successfully - sym options: 0x614 - pdb path: .;E:\开发工具\jdk-11.0.11+0\bin;C:\WINDOWS\SYSTEM32;C:\WINDOWS\WinSxS\amd64_microsoft.windows.common-controls_6595b64144ccf1df_6.0.22000.120_none_9d947278b86cc467;E:\开发工具\jdk-11.0.11+0\bi;E:\开发工具\jdk-11.0.11+;E:\开发工具\jdk-11.0;E:\开发工具\jdk-;E:\开发工具\;E:\开发?E:\开?E:\开;E:\开发工具\jdk-11.0.11+0\bin\server;C:\Program Files\JetB;C:\Program Files\JetB;C:\Program Files\JetB;C:\Program Files\JetB

VM Arguments:
jvm_args: -XX:TieredStopAtLevel=1 -Xverify:none -Dspring.output.ansi.enabled=always -Dcom.sun.management.jmxremote -Dspring.jmx.enabled=true -Dspring.liveBeansView.mbeanDomain -Dspring.application.admin.enabled=true -Dmanagement.endpoints.jmx.exposure.include=* -javaagent:C:\Program Files\JetBrains\IntelliJ IDEA 2022.3.3\lib\idea_rt.jar=59568:C:\Program Files\JetBrains\IntelliJ IDEA 2022.3.3\bin -Dfile.encoding=UTF-8 
java_command: com.example.newv.NewVApplication
java_class_path (initial): H:\item\newV\target\classes;E:\maven\repository\org\springframework\boot\spring-boot-starter-web\2.6.13\spring-boot-starter-web-2.6.13.jar;E:\maven\repository\org\springframework\boot\spring-boot-starter\2.6.13\spring-boot-starter-2.6.13.jar;E:\maven\repository\org\springframework\boot\spring-boot\2.6.13\spring-boot-2.6.13.jar;E:\maven\repository\org\springframework\boot\spring-boot-starter-logging\2.6.13\spring-boot-starter-logging-2.6.13.jar;E:\maven\repository\ch\qos\logback\logback-classic\1.2.11\logback-classic-1.2.11.jar;E:\maven\repository\ch\qos\logback\logback-core\1.2.11\logback-core-1.2.11.jar;E:\maven\repository\org\apache\logging\log4j\log4j-to-slf4j\2.17.2\log4j-to-slf4j-2.17.2.jar;E:\maven\repository\org\apache\logging\log4j\log4j-api\2.17.2\log4j-api-2.17.2.jar;E:\maven\repository\org\slf4j\jul-to-slf4j\1.7.36\jul-to-slf4j-1.7.36.jar;E:\maven\repository\jakarta\annotation\jakarta.annotation-api\1.3.5\jakarta.annotation-api-1.3.5.jar;E:\maven\repository\org\yaml\snakeyaml\1.29\snakeyaml-1.29.jar;E:\maven\repository\org\springframework\boot\spring-boot-starter-json\2.6.13\spring-boot-starter-json-2.6.13.jar;E:\maven\repository\com\fasterxml\jackson\core\jackson-databind\2.13.4.2\jackson-databind-2.13.4.2.jar;E:\maven\repository\com\fasterxml\jackson\core\jackson-annotations\2.13.4\jackson-annotations-2.13.4.jar;E:\maven\repository\com\fasterxml\jackson\core\jackson-core\2.13.4\jackson-core-2.13.4.jar;E:\maven\repository\com\fasterxml\jackson\datatype\jackson-datatype-jdk8\2.13.4\jackson-datatype-jdk8-2.13.4.jar;E:\maven\repository\com\fasterxml\jackson\datatype\jackson-datatype-jsr310\2.13.4\jackson-datatype-jsr310-2.13.4.jar;E:\maven\repository\com\fasterxml\jackson\module\jackson-module-parameter-names\2.13.4\jackson-module-parameter-names-2.13.4.jar;E:\maven\repository\org\springframework\boot\spring-boot-starter-tomcat\2.6.13\spring-boot-starter-tomcat-2.6.13.jar;E:\maven\repository\org\apache\tomcat\embed\tomcat-embed-
Launcher Type: SUN_STANDARD

[Global flags]
     bool BytecodeVerificationLocal                = false                                     {product} {command line}
     bool BytecodeVerificationRemote               = false                                     {product} {command line}
     intx CICompilerCount                          = 4                                         {product} {ergonomic}
     uint ConcGCThreads                            = 3                                         {product} {ergonomic}
     uint G1ConcRefinementThreads                  = 10                                        {product} {ergonomic}
   size_t G1HeapRegionSize                         = 1048576                                   {product} {ergonomic}
    uintx GCDrainStackTargetSize                   = 64                                        {product} {ergonomic}
   size_t InitialHeapSize                          = 266338304                                 {product} {ergonomic}
     bool ManagementServer                         = true                                      {product} {command line}
   size_t MarkStackSize                            = 4194304                                   {product} {ergonomic}
   size_t MaxHeapSize                              = 4255121408                                {product} {ergonomic}
   size_t MaxNewSize                               = 2552233984                                {product} {ergonomic}
   size_t MinHeapDeltaBytes                        = 1048576                                   {product} {ergonomic}
    uintx NonNMethodCodeHeapSize                   = 7549744                                {pd product} {ergonomic}
    uintx NonProfiledCodeHeapSize                  = 244108496                              {pd product} {ergonomic}
    uintx ProfiledCodeHeapSize                     = 0                                      {pd product} {ergonomic}
    uintx ReservedCodeCacheSize                    = 251658240                              {pd product} {ergonomic}
     bool SegmentedCodeCache                       = true                                      {product} {ergonomic}
     intx TieredStopAtLevel                        = 1                                         {product} {command line}
     bool UseCompressedClassPointers               = true                                 {lp64_product} {ergonomic}
     bool UseCompressedOops                        = true                                 {lp64_product} {ergonomic}
     bool UseG1GC                                  = true                                      {product} {ergonomic}
     bool UseLargePagesIndividualAllocation        = false                                  {pd product} {ergonomic}

Logging:
Log output configuration:
 #0: stdout all=warning uptime,level,tags
 #1: stderr all=off uptime,level,tags

Environment Variables:
JAVA_HOME=G:\Program Files\Java\jdk1.8.0_211
CLASSPATH=.;G:\Program Files\Java\jdk1.8.0_211\bin;G:\Program Files\Java\jdk1.8.0_211\lib\dt.jar;G:\Program Files\Java\jdk1.8.0_211\lib\tools.jar
PATH=C:\WINDOWS\system32;C:\WINDOWS;C:\WINDOWS\System32\Wbem;C:\WINDOWS\System32\WindowsPowerShell\v1.0\;C:\WINDOWS\System32\OpenSSH\;C:\Program Files\TortoiseGit\bin;C:\Program Files\Docker\Docker\resources\bin;C:\ProgramData\DockerDesktop\version-bin;E:\gradle-6.5.1\bin;K:\web\mysql-8.0.16\bin;G:\Program Files\JetBrains\IntelliJ IDEA 2020.1.1\plugins\maven\lib\maven3\bin;G:\Program Files\Java\jdk1.8.0_211\bin;G:\Program Files\Java\jdk1.8.0_211\jre\bin;K:\Program Files\TortoiseSVN\bin;E:\Program Files\nodejs\;C:\ProgramData\chocolatey\bin;E:\Program Files\erl-24.0\bin;C:\Program Files\NVIDIA Corporation\NVIDIA NvDLISR;C:\Program Files (x86)\NVIDIA Corporation\PhysX\Common;E:\Redis\;K:\Program Files (x86)\NetSarang\Xshell 7\;K:\Program Files (x86)\NetSarang\Xftp 7\;G:\Program Files\Git\cmd;e:\微信web开发者工具\dll;K:\Users\luck\AppData\Local\Programs\Python\Python39\Scripts\;K:\Users\luck\AppData\Local\Programs\Python\Python39\;C:\Users\luck\AppData\Local\Microsoft\WindowsApps;C:\Users\luck\AppData\Roaming\npm;;C:\Program Files\JetBrains\IntelliJ IDEA 2022.3.3\bin;;G:\Program Files\JetBrains\IntelliJ IDEA Community Edition 2021.3\bin;;G:\Program Files\JetBrains\WebStorm 2022.2.1\bin;
USERNAME=luck
OS=Windows_NT
PROCESSOR_IDENTIFIER=Intel64 Family 6 Model 158 Stepping 10, GenuineIntel



---------------  S Y S T E M  ---------------

OS: Windows 10 , 64 bit Build 22000 (10.0.22000.1516)
OS uptime: 2 days 2:39 hours

CPU:total 12 (initial active 12) (6 cores per cpu, 2 threads per core) family 6 model 158 stepping 10 microcode 0xf0, cmov, cx8, fxsr, mmx, sse, sse2, sse3, ssse3, sse4.1, sse4.2, popcnt, avx, avx2, aes, clmul, erms, 3dnowpref, lzcnt, ht, tsc, tscinvbit, bmi1, bmi2, adx, fma

Memory: 4k page, system-wide physical 16224M (2087M free)
TotalPageFile size 25740M (AvailPageFile size 378M)
current process WorkingSet (physical memory assigned to process): 133M, peak: 133M
current process commit charge ("private bytes"): 377M, peak: 377M

vm_info: OpenJDK 64-Bit Server VM (11.0.11+0) for windows-amd64 JRE (11.0.11+0), built on Jun 30 2021 16:45:25 by "Administrator" with MS VC++ 15.9 (VS2017)

END.
